D:\DOCUMENTS AND SETTINGS\HUGUANGLI\MY DOCUMENTS\VISUAL STUDIO 2010\PROJECTS\PATHFINDING\DEBUG.WIN32\PATHFINDING.WIN32.EXE
D:\DOCUMENTS AND SETTINGS\HUGUANGLI\MY DOCUMENTS\VISUAL STUDIO 2010\PROJECTS\PATHFINDING\DEBUG.WIN32\PATHFINDING.WIN32.ILK
D:\DOCUMENTS AND SETTINGS\HUGUANGLI\MY DOCUMENTS\VISUAL STUDIO 2010\PROJECTS\PATHFINDING\DEBUG.WIN32\PATHFINDING.WIN32.PDB
D:\DOCUMENTS AND SETTINGS\HUGUANGLI\MY DOCUMENTS\VISUAL STUDIO 2010\PROJECTS\PATHFINDING\PATHFINDING\PROJ.WIN32\DEBUG.WIN32\APPDELEGATE.OBJ
D:\Documents and Settings\huguangli\My Documents\Visual Studio 2010\projects\PathFinding\PathFinding\proj.win32\Debug.win32\cl.command.1.tlog
D:\Documents and Settings\huguangli\My Documents\Visual Studio 2010\projects\PathFinding\PathFinding\proj.win32\Debug.win32\CL.read.1.tlog
D:\Documents and Settings\huguangli\My Documents\Visual Studio 2010\projects\PathFinding\PathFinding\proj.win32\Debug.win32\CL.write.1.tlog
D:\DOCUMENTS AND SETTINGS\HUGUANGLI\MY DOCUMENTS\VISUAL STUDIO 2010\PROJECTS\PATHFINDING\PATHFINDING\PROJ.WIN32\DEBUG.WIN32\DRAGSPRITE.OBJ
D:\DOCUMENTS AND SETTINGS\HUGUANGLI\MY DOCUMENTS\VISUAL STUDIO 2010\PROJECTS\PATHFINDING\PATHFINDING\PROJ.WIN32\DEBUG.WIN32\HELLOWORLDSCENE.OBJ
D:\DOCUMENTS AND SETTINGS\HUGUANGLI\MY DOCUMENTS\VISUAL STUDIO 2010\PROJECTS\PATHFINDING\PATHFINDING\PROJ.WIN32\DEBUG.WIN32\LINECONTAINER.OBJ
D:\Documents and Settings\huguangli\My Documents\Visual Studio 2010\projects\PathFinding\PathFinding\proj.win32\Debug.win32\link.2064.read.1.tlog
D:\Documents and Settings\huguangli\My Documents\Visual Studio 2010\projects\PathFinding\PathFinding\proj.win32\Debug.win32\link.2064.write.1.tlog
D:\Documents and Settings\huguangli\My Documents\Visual Studio 2010\projects\PathFinding\PathFinding\proj.win32\Debug.win32\link.2064-cvtres.read.1.tlog
D:\Documents and Settings\huguangli\My Documents\Visual Studio 2010\projects\PathFinding\PathFinding\proj.win32\Debug.win32\link.2064-cvtres.write.1.tlog
D:\Documents and Settings\huguangli\My Documents\Visual Studio 2010\projects\PathFinding\PathFinding\proj.win32\Debug.win32\link.2092.read.1.tlog
D:\Documents and Settings\huguangli\My Documents\Visual Studio 2010\projects\PathFinding\PathFinding\proj.win32\Debug.win32\link.2092.write.1.tlog
D:\Documents and Settings\huguangli\My Documents\Visual Studio 2010\projects\PathFinding\PathFinding\proj.win32\Debug.win32\link.2092-cvtres.read.1.tlog
D:\Documents and Settings\huguangli\My Documents\Visual Studio 2010\projects\PathFinding\PathFinding\proj.win32\Debug.win32\link.2092-cvtres.write.1.tlog
D:\Documents and Settings\huguangli\My Documents\Visual Studio 2010\projects\PathFinding\PathFinding\proj.win32\Debug.win32\link.5892.read.1.tlog
D:\Documents and Settings\huguangli\My Documents\Visual Studio 2010\projects\PathFinding\PathFinding\proj.win32\Debug.win32\link.5892.write.1.tlog
D:\Documents and Settings\huguangli\My Documents\Visual Studio 2010\projects\PathFinding\PathFinding\proj.win32\Debug.win32\link.5892-cvtres.read.1.tlog
D:\Documents and Settings\huguangli\My Documents\Visual Studio 2010\projects\PathFinding\PathFinding\proj.win32\Debug.win32\link.5892-cvtres.write.1.tlog
D:\Documents and Settings\huguangli\My Documents\Visual Studio 2010\projects\PathFinding\PathFinding\proj.win32\Debug.win32\link.command.1.tlog
D:\Documents and Settings\huguangli\My Documents\Visual Studio 2010\projects\PathFinding\PathFinding\proj.win32\Debug.win32\link.read.1.tlog
D:\Documents and Settings\huguangli\My Documents\Visual Studio 2010\projects\PathFinding\PathFinding\proj.win32\Debug.win32\link.write.1.tlog
D:\Documents and Settings\huguangli\My Documents\Visual Studio 2010\projects\PathFinding\PathFinding\proj.win32\Debug.win32\link-cvtres.read.1.tlog
D:\Documents and Settings\huguangli\My Documents\Visual Studio 2010\projects\PathFinding\PathFinding\proj.win32\Debug.win32\link-cvtres.write.1.tlog
D:\DOCUMENTS AND SETTINGS\HUGUANGLI\MY DOCUMENTS\VISUAL STUDIO 2010\PROJECTS\PATHFINDING\PATHFINDING\PROJ.WIN32\DEBUG.WIN32\MAIN.OBJ
D:\Documents and Settings\huguangli\My Documents\Visual Studio 2010\projects\PathFinding\PathFinding\proj.win32\Debug.win32\mt.command.1.tlog
D:\Documents and Settings\huguangli\My Documents\Visual Studio 2010\projects\PathFinding\PathFinding\proj.win32\Debug.win32\mt.read.1.tlog
D:\Documents and Settings\huguangli\My Documents\Visual Studio 2010\projects\PathFinding\PathFinding\proj.win32\Debug.win32\mt.write.1.tlog
D:\DOCUMENTS AND SETTINGS\HUGUANGLI\MY DOCUMENTS\VISUAL STUDIO 2010\PROJECTS\PATHFINDING\PATHFINDING\PROJ.WIN32\DEBUG.WIN32\PATHFINDING.RES
D:\DOCUMENTS AND SETTINGS\HUGUANGLI\MY DOCUMENTS\VISUAL STUDIO 2010\PROJECTS\PATHFINDING\PATHFINDING\PROJ.WIN32\DEBUG.WIN32\PATHFINDING.WIN32.EXE.EMBED.MANIFEST
D:\DOCUMENTS AND SETTINGS\HUGUANGLI\MY DOCUMENTS\VISUAL STUDIO 2010\PROJECTS\PATHFINDING\PATHFINDING\PROJ.WIN32\DEBUG.WIN32\PATHFINDING.WIN32.EXE.EMBED.MANIFEST.RES
D:\DOCUMENTS AND SETTINGS\HUGUANGLI\MY DOCUMENTS\VISUAL STUDIO 2010\PROJECTS\PATHFINDING\PATHFINDING\PROJ.WIN32\DEBUG.WIN32\PATHFINDING.WIN32.EXE.INTERMEDIATE.MANIFEST
D:\Documents and Settings\huguangli\My Documents\Visual Studio 2010\projects\PathFinding\PathFinding\proj.win32\Debug.win32\PathFinding.win32_manifest.rc
D:\Documents and Settings\huguangli\My Documents\Visual Studio 2010\projects\PathFinding\PathFinding\proj.win32\Debug.win32\rc.command.1.tlog
D:\Documents and Settings\huguangli\My Documents\Visual Studio 2010\projects\PathFinding\PathFinding\proj.win32\Debug.win32\rc.read.1.tlog
D:\Documents and Settings\huguangli\My Documents\Visual Studio 2010\projects\PathFinding\PathFinding\proj.win32\Debug.win32\rc.write.1.tlog
D:\Documents and Settings\huguangli\My Documents\Visual Studio 2010\projects\PathFinding\PathFinding\proj.win32\Debug.win32\vc100.idb
D:\DOCUMENTS AND SETTINGS\HUGUANGLI\MY DOCUMENTS\VISUAL STUDIO 2010\PROJECTS\PATHFINDING\PATHFINDING\PROJ.WIN32\DEBUG.WIN32\VC100.PDB
